  [1m[35m (2.1ms)[0m  [1m[35mCREATE TABLE "schema_migrations" ("version" varchar NOT NULL PRIMARY KEY)[0m
  [1m[35m (0.2ms)[0m  [1m[35mCREATE TABLE "ar_internal_metadata" ("key" varchar NOT NULL PRIMARY KEY, "value" varchar, "created_at" datetime(6) NOT NULL, "updated_at" datetime(6) NOT NULL)[0m
  [1m[36mActiveRecord::InternalMetadata Load (1.8ms)[0m  [1m[34mSELECT * FROM "ar_internal_metadata" WHERE "ar_internal_metadata"."key" = ? ORDER BY "ar_internal_metadata"."key" ASC LIMIT 1[0m  [[nil, "environment"]]
  [1m[36mActiveRecord::InternalMetadata Create (0.2ms)[0m  [1m[32mINSERT INTO "ar_internal_metadata" ("key", "value", "created_at", "updated_at") VALUES ('environment', 'development', '2024-02-27 19:19:52.529761', '2024-02-27 19:19:52.529765') RETURNING "key"[0m
  [1m[36mActiveRecord::SchemaMigration Load (0.1ms)[0m  [1m[34mSELECT "schema_migrations"."version" FROM "schema_migrations" ORDER BY "schema_migrations"."version" ASC[0m
Migrating to CreateCars (20240227191930)
  [1m[36mTRANSACTION (0.1ms)[0m  [1m[36mbegin transaction[0m
  [1m[35m (5.8ms)[0m  [1m[35mCREATE TABLE "cars" ("id" integer PRIMARY KEY AUTOINCREMENT NOT NULL, "make" varchar, "model" varchar, "year" integer, "created_at" datetime(6) NOT NULL, "updated_at" datetime(6) NOT NULL)[0m
  [1m[36mActiveRecord::SchemaMigration Create (0.2ms)[0m  [1m[32mINSERT INTO "schema_migrations" ("version") VALUES ('20240227191930') RETURNING "version"[0m
  [1m[36mTRANSACTION (0.2ms)[0m  [1m[36mcommit transaction[0m
  [1m[36mActiveRecord::SchemaMigration Load (0.1ms)[0m  [1m[34mSELECT "schema_migrations"."version" FROM "schema_migrations" ORDER BY "schema_migrations"."version" ASC[0m
Started GET "/cars" for 127.0.0.1 at 2024-02-27 13:20:46 -0600
  [1m[36mActiveRecord::SchemaMigration Load (0.1ms)[0m  [1m[34mSELECT "schema_migrations"."version" FROM "schema_migrations" ORDER BY "schema_migrations"."version" ASC[0m
Processing by CarsController#index as HTML
  Rendering layout layouts/application.html.erb
  Rendering cars/index.html.erb within layouts/application
  [1m[36mCar Load (0.1ms)[0m  [1m[34mSELECT "cars".* FROM "cars"[0m
  ↳ app/views/cars/index.html.erb:6
  Rendered cars/index.html.erb within layouts/application (Duration: 6.6ms | Allocations: 1609)
  Rendered layout layouts/application.html.erb (Duration: 318.5ms | Allocations: 90857)
Completed 200 OK in 368ms (Views: 323.5ms | ActiveRecord: 1.3ms | Allocations: 107584)


Started GET "/cars/new" for 127.0.0.1 at 2024-02-27 13:23:11 -0600
Processing by CarsController#new as HTML
  Rendering layout layouts/application.html.erb
  Rendering cars/new.html.erb within layouts/application
  Rendered cars/_form.html.erb (Duration: 20.4ms | Allocations: 5333)
  Rendered cars/new.html.erb within layouts/application (Duration: 21.5ms | Allocations: 5654)
  Rendered layout layouts/application.html.erb (Duration: 23.2ms | Allocations: 6765)
Completed 200 OK in 67ms (Views: 23.8ms | ActiveRecord: 0.8ms | Allocations: 21042)


Started GET "/cars/new" for 127.0.0.1 at 2024-02-27 13:23:12 -0600
Processing by CarsController#new as HTML
  Rendering layout layouts/application.html.erb
  Rendering cars/new.html.erb within layouts/application
  Rendered cars/_form.html.erb (Duration: 3.5ms | Allocations: 894)
  Rendered cars/new.html.erb within layouts/application (Duration: 4.1ms | Allocations: 973)
  Rendered layout layouts/application.html.erb (Duration: 7.2ms | Allocations: 2076)
Completed 200 OK in 9ms (Views: 7.9ms | ActiveRecord: 0.0ms | Allocations: 2347)


Started POST "/cars" for 127.0.0.1 at 2024-02-27 13:23:50 -0600
Processing by CarsController#create as TURBO_STREAM
  Parameters: {"authenticity_token"=>"[FILTERED]", "car"=>{"make"=>"GTR", "model"=>"Toyota", "year"=>"1996"}, "commit"=>"Create Car"}
  [1m[36mTRANSACTION (0.1ms)[0m  [1m[36mbegin transaction[0m
  ↳ app/controllers/cars_controller.rb:27:in `block in create'
  [1m[36mCar Create (1.9ms)[0m  [1m[32mINSERT INTO "cars" ("make", "model", "year", "created_at", "updated_at") VALUES (?, ?, ?, ?, ?) RETURNING "id"[0m  [["make", "GTR"], ["model", "Toyota"], ["year", 1996], ["created_at", "2024-02-27 19:23:50.694964"], ["updated_at", "2024-02-27 19:23:50.694964"]]
  ↳ app/controllers/cars_controller.rb:27:in `block in create'
  [1m[36mTRANSACTION (2.0ms)[0m  [1m[36mcommit transaction[0m
  ↳ app/controllers/cars_controller.rb:27:in `block in create'
Redirected to http://localhost:3000/cars/1
Completed 302 Found in 12ms (ActiveRecord: 3.9ms | Allocations: 3466)


Started GET "/cars/1" for 127.0.0.1 at 2024-02-27 13:23:50 -0600
Processing by CarsController#show as TURBO_STREAM
  Parameters: {"id"=>"1"}
  [1m[36mCar Load (0.1ms)[0m  [1m[34mSELECT "cars".* FROM "cars" WHERE "cars"."id" = ? LIMIT ?[0m  [["id", 1], ["LIMIT", 1]]
  ↳ app/controllers/cars_controller.rb:63:in `set_car'
  Rendering layout layouts/application.html.erb
  Rendering cars/show.html.erb within layouts/application
  Rendered cars/_car.html.erb (Duration: 0.6ms | Allocations: 208)
  Rendered cars/show.html.erb within layouts/application (Duration: 7.2ms | Allocations: 1249)
  Rendered layout layouts/application.html.erb (Duration: 9.5ms | Allocations: 2348)
Completed 200 OK in 14ms (Views: 10.0ms | ActiveRecord: 0.1ms | Allocations: 5363)


